# JRE version: Java(TM) SE Runtime Environment (11.0.3+12) (build 11.0.3+12-LTS)
# Java VM: Java HotSpot(TM) 64-Bit Server VM (11.0.3+12-LTS, mixed mode, tiered, compressed oops, g1 gc, windows-amd64)
Heap:
 garbage-first heap   total 129024K, used 46516K [0x0000000082000000, 0x0000000100000000)
  region size 1024K, 39 young (39936K), 3 survivors (3072K)
 Metaspace       used 25343K, capacity 25876K, committed 26112K, reserved 1073152K
  class space    used 2750K, capacity 2983K, committed 3072K, reserved 1048576K
GC Heap History (8 events):
Event: 0.950 GC heap before
{Heap before GC invocations=0 (full 0):
 garbage-first heap   total 129024K, used 14336K [0x0000000082000000, 0x0000000100000000)
  region size 1024K, 14 young (14336K), 0 survivors (0K)
 Metaspace       used 17392K, capacity 17791K, committed 18048K, reserved 1064960K
  class space    used 1949K, capacity 2144K, committed 2176K, reserved 1048576K
}
Event: 0.964 GC heap after
{Heap after GC invocations=1 (full 0):
 garbage-first heap   total 129024K, used 2831K [0x0000000082000000, 0x0000000100000000)
  region size 1024K, 2 young (2048K), 2 survivors (2048K)
 Metaspace       used 17392K, capacity 17791K, committed 18048K, reserved 1064960K
  class space    used 1949K, capacity 2144K, committed 2176K, reserved 1048576K
}
Event: 1.402 GC heap before
{Heap before GC invocations=1 (full 0):
 garbage-first heap   total 129024K, used 11023K [0x0000000082000000, 0x0000000100000000)
  region size 1024K, 12 young (12288K), 2 survivors (2048K)
 Metaspace       used 20771K, capacity 21146K, committed 21248K, reserved 1069056K
  class space    used 2317K, capacity 2515K, committed 2560K, reserved 1048576K
}
Event: 1.411 GC heap after
{Heap after GC invocations=2 (full 0):
 garbage-first heap   total 129024K, used 4210K [0x0000000082000000, 0x0000000100000000)
  region size 1024K, 4 young (4096K), 4 survivors (4096K)
 Metaspace       used 20771K, capacity 21146K, committed 21248K, reserved 1069056K
  class space    used 2317K, capacity 2515K, committed 2560K, reserved 1048576K
}
Event: 102.597 GC heap before
{Heap before GC invocations=3 (full 0):
 garbage-first heap   total 129024K, used 24690K [0x0000000082000000, 0x0000000100000000)
  region size 1024K, 19 young (19456K), 4 survivors (4096K)
 Metaspace       used 25164K, capacity 25684K, committed 25856K, reserved 1073152K
  class space    used 2749K, capacity 2983K, committed 3072K, reserved 1048576K
}
Event: 102.615 GC heap after
{Heap after GC invocations=4 (full 0):
 garbage-first heap   total 129024K, used 10614K [0x0000000082000000, 0x0000000100000000)
  region size 1024K, 3 young (3072K), 3 survivors (3072K)
 Metaspace       used 25164K, capacity 25684K, committed 25856K, reserved 1073152K
  class space    used 2749K, capacity 2983K, committed 3072K, reserved 1048576K
}
Event: 2182.893 GC heap before
{Heap before GC invocations=4 (full 0):
 garbage-first heap   total 129024K, used 52598K [0x0000000082000000, 0x0000000100000000)
  region size 1024K, 44 young (45056K), 3 survivors (3072K)
 Metaspace       used 25343K, capacity 25876K, committed 26112K, reserved 1073152K
  class space    used 2750K, capacity 2983K, committed 3072K, reserved 1048576K
}
Event: 2182.916 GC heap after
{Heap after GC invocations=5 (full 0):
 garbage-first heap   total 129024K, used 10676K [0x0000000082000000, 0x0000000100000000)
  region size 1024K, 3 young (3072K), 3 survivors (3072K)
 Metaspace       used 25343K, capacity 25876K, committed 26112K, reserved 1073152K
  class space    used 2750K, capacity 2983K, committed 3072K, reserved 1048576K
}

